<?xml version="1.0" encoding="UTF-8"?>
<testsuite name="TestSum" tests="1" skipped="0" failures="0" errors="0" timestamp="2023-08-23T15:07:08" hostname="LAPTOP-UACB2LCK" time="0.021">
  <properties/>
  <testcase name="TestSum()" classname="TestSum" time="0.021"/>
  <system-out><![CDATA[]]></system-out>
  <system-err><![CDATA[]]></system-err>
</testsuite>
